\BOOKMARK [2][-]{section*.1}{\376\377\000R\000e\000s\000u\000m\000o}{}% 1
\BOOKMARK [2][-]{section*.2}{\376\377\000I\000n\000t\000r\000o\000d\000u\000\347\000\343\000o}{}% 2
\BOOKMARK [2][-]{section*.3}{\376\377\000E\000s\000p\000e\000c\000i\000f\000i\000c\000a\000\347\000\365\000e\000s\000\040\000d\000o\000\040\000P\000r\000o\000b\000l\000e\000m\000a}{}% 3
\BOOKMARK [2][-]{section*.4}{\376\377\000M\000o\000d\000e\000l\000a\000g\000e\000m}{}% 4
\BOOKMARK [2][-]{section*.5}{\376\377\000A\000n\000\341\000l\000i\000s\000e\000\040\000E\000x\000p\000l\000o\000r\000a\000t\000\363\000r\000i\000a}{}% 5
\BOOKMARK [2][-]{section*.6}{\376\377\000E\000s\000p\000a\000\347\000o\000s\000\040\000d\000e\000\040\000B\000u\000s\000c\000a}{}% 6
\BOOKMARK [2][-]{section*.7}{\376\377\000P\000r\000o\000t\000o\000t\000i\000p\000a\000g\000e\000m\000\040\000d\000o\000\040\000A\000l\000g\000o\000r\000i\000t\000m\000o}{}% 7
\BOOKMARK [3][-]{section*.8}{\376\377\000P\000r\000o\000t\000o\000t\000i\000p\000a\000g\000e\000m\000\040\000d\000o\000\040\000m\000o\000d\000u\000l\000o\000\040\000R\000a\000s\000t\000r\000e\000a\000d\000o\000r\000\040\000e\000m\000\040\000C\000+\000+}{section*.7}% 8
\BOOKMARK [3][-]{section*.9}{\376\377\000P\000r\000o\000t\000o\000t\000i\000p\000a\000g\000e\000m\000\040\000d\000o\000s\000\040\000E\000s\000p\000a\000\347\000o\000s\000\040\000d\000e\000\040\000B\000u\000s\000c\000a\000\040\000e\000m\000\040\000R}{section*.7}% 9
\BOOKMARK [2][-]{section*.10}{\376\377\000C\000o\000n\000v\000e\000r\000g\000\352\000n\000c\000i\000a}{}% 10
\BOOKMARK [2][-]{section*.11}{\376\377\000C\000u\000s\000t\000o\000\040\000C\000o\000m\000p\000u\000t\000a\000c\000i\000o\000n\000a\000l}{}% 11
\BOOKMARK [2][-]{section*.12}{\376\377\000M\000\355\000n\000i\000m\000o\000\040\000G\000l\000o\000b\000a\000l}{}% 12
\BOOKMARK [2][-]{section*.13}{\376\377\000T\000a\000b\000e\000l\000a\000\040\000d\000e\000\040\000R\000e\000s\000u\000l\000t\000a\000d\000o\000s}{}% 13
\BOOKMARK [2][-]{section*.14}{\376\377\000T\000o\000m\000a\000d\000a\000\040\000d\000e\000\040\000D\000e\000c\000i\000s\000\343\000o}{}% 14
\BOOKMARK [3][-]{section*.15}{\376\377\000C\000a\000r\000a\000c\000t\000e\000r\000\355\000s\000t\000i\000c\000a\000s\000\040\000d\000o\000s\000\040\000O\000t\000i\000m\000i\000z\000a\000d\000o\000r\000e\000s\000\040\000C\000a\000n\000d\000i\000d\000a\000t\000o\000s\000:}{section*.14}% 15
\BOOKMARK [3][-]{section*.16}{\376\377\000D\000i\000a\000g\000r\000a\000m\000a\000\040\000A\000H\000P\000:}{section*.14}% 16
\BOOKMARK [3][-]{section*.17}{\376\377\000C\000r\000i\000t\000\351\000r\000i\000o\000\040\000M\000\341\000x\000i\000m\000o\000\040\000M\000b\000p\000s\000:}{section*.14}% 17
\BOOKMARK [3][-]{section*.18}{\376\377\000C\000r\000i\000t\000\351\000r\000i\000o\000\040\000C\000o\000b\000e\000r\000t\000u\000r\000a\000:}{section*.14}% 18
\BOOKMARK [3][-]{section*.19}{\376\377\000C\000r\000i\000t\000\351\000r\000i\000o\000\040\000N\000\372\000m\000e\000r\000o\000\040\000d\000e\000\040\000P\000a\000'\000s\000:}{section*.14}% 19
\BOOKMARK [3][-]{section*.20}{\376\377\000C\000r\000i\000t\000\351\000r\000i\000o\000\040\000U\000n\000i\000d\000a\000d\000e\000\040\000d\000e\000\040\000D\000e\000c\000i\000s\000\343\000o\000:}{section*.14}% 20
\BOOKMARK [3][-]{section*.21}{\376\377\000R\000e\000s\000u\000l\000t\000a\000d\000o\000\040\000d\000o\000\040\000A\000H\000P\000:}{section*.14}% 21
\BOOKMARK [2][-]{section*.22}{\376\377\000O\000t\000i\000m\000i\000z\000a\000d\000o\000r\000\040\000e\000m\000\040\000P\000r\000o\000d\000u\000\347\000\343\000o}{}% 22
\BOOKMARK [3][-]{section*.23}{\376\377\000I\000m\000a\000g\000e\000m\000\040\000d\000o\000\040\000A\000p\000l\000i\000c\000a\000t\000i\000v\000o}{section*.22}% 23
\BOOKMARK [2][-]{section*.24}{\376\377\000R\000e\000f\000e\000r\000\352\000n\000c\000i\000a\000s}{}% 24
